[ERR] Couldn't quote AEGR
[ERR] Couldn't quote MSFT
[ERR] Couldn't quote AAPL
[ERR] Couldn't quote GOOG
[MATCH] Sold 9844 GOOG @ $248.63
[MATCH] Sold 27856 GOOG @ $806.89
[QUOTE] GOOG: $744.75 @ $806.89
[QUOTE] AAPL: $386.79 @ $439.42
[MATCH] Sold 17025 AAPL @ $768.78
[MATCH] Sold 21337 MSFT @ $53.49
[MATCH] Sold 848 GOOG @ $466.55
[MATCH] Sold 39149 SPYX @ $294.67
[ERR] Couldn't quote SPYX
[ERR] Couldn't quote MSFT
[QUOTE] AAPL: $406.47 @ $768.78
[QUOTE] AAPL: $406.47 @ $768.78
[MATCH] Bought 21917 AEGR @ $452.41
[MATCH] Sold 21917 AEGR @ $452.41
[QUOTE] GOOG: $537.1 @ $806.89
[ERR] Couldn't quote MSFT
[QUOTE] GOOG: $537.1 @ $806.89
[MATCH] Sold 68467 AAPL @ $768.78
[MATCH] Bought 11360 AEGR @ $298.56
[MATCH] Sold 13526 SPYX @ $22.98
[QUOTE] AAPL: $406.47 @ $768.78
[MATCH] Sold 57142 MSFT @ $53.49
[MATCH] Bought 3761 GOOG @ $572.9
[MATCH] Sold 3761 GOOG @ $572.9
[MATCH] Sold 5086 GOOG @ $572.9
[MATCH] Bought 13925 AAPL @ $432.48
[MATCH] Sold 13925 AAPL @ $432.48
[MATCH] Bought 6600 GOOG @ $572.9
[MATCH] Sold 6600 GOOG @ $572.9
[MATCH] Sold 42158 GOOG @ $572.9
[MATCH] Sold 6930 AEGR @ $452.41
[QUOTE] AEGR: $319.56 @ $452.41
[MATCH] Bought 32291 AEGR @ $412
[MATCH] Bought 14410 AEGR @ $120.96
[MATCH] Bought 33786 AEGR @ $120.96
[MATCH] Bought 27244 MSFT @ $6.76
[MATCH] Sold 27244 MSFT @ $6.76
[MATCH] Bought 4305 GOOG @ $515.43
[QUOTE] SPYX: $569.49 @ $797.64
[QUOTE] GOOG: $517.86 @ $572.9
[QUOTE] MSFT: $135.51 @ $467.07
[MATCH] Sold 27650 GOOG @ $572.9
[MATCH] Sold 4292 GOOG @ $777.79
[MATCH] Bought 27341 AAPL @ $369.05
[ERR] Couldn't quote AEGR
[QUOTE] AAPL: $582.11 @ $768.78
[QUOTE] AEGR: $27.01 @ $117.3
[MATCH] Bought 16732 GOOG @ $171.11
[MATCH] Sold 10040 GOOG @ $806.89
[MATCH] Sold 20016 GOOG @ $907.16
[MATCH] Bought 5238 MSFT @ $54.64
[MATCH] Sold 5238 MSFT @ $54.64
[MATCH] Sold 20601 GOOG @ $594.27
[MATCH] Bought 18097 AEGR @ $2.77
[MATCH] Bought 1031 GOOG @ $274.82
[MATCH] Bought 43708 GOOG @ $274.82
[MATCH] Sold 899 SPYX @ $637.54
