[MATCH] Bought 7308 GOOG @ $516.58
[MATCH] Sold 7308 GOOG @ $516.58
[MATCH] Bought 45225 GOOG @ $516.58
[MATCH] Sold 45225 GOOG @ $516.58
[MATCH] Sold 20596 SPYX @ $279.82
[MATCH] Bought 15385 SPYX @ $279.82
[MATCH] Sold 15385 SPYX @ $279.82
[MATCH] Bought 33846 SPYX @ $422.34
[ERR] Couldn't quote SPYX
[MATCH] Bought 9697 GOOG @ $610.48
[QUOTE] GOOG: $396.46 @ $610.48
[QUOTE] GOOG: $396.46 @ $529.24
[QUOTE] MSFT: $769.08 @ $776.34
[MATCH] Sold 2042 GOOG @ $92.9
[QUOTE] AEGR: $458.01 @ $623.47
[QUOTE] MSFT: $647.94 @ $776.34
[QUOTE] GOOG: $207.97 @ $529.24
[QUOTE] AAPL: $482.72 @ $663.57
[QUOTE] GOOG: $200.25 @ $529.24
[MATCH] Sold 38442 GOOG @ $529.24
[MATCH] Sold 47935 AEGR @ $170.81
[MATCH] Bought 5106 MSFT @ $626
[MATCH] Bought 10567 MSFT @ $776.34
[QUOTE] AAPL: $689.02 @ $712.08
[QUOTE] SPYX: $144.82 @ $630.46
[MATCH] Bought 7128 AEGR @ $417.26
[MATCH] Sold 61554 AAPL @ $19.62
[MATCH] Sold 23914 AAPL @ $19.62
[MATCH] Sold 1228 AAPL @ $19.62
[MATCH] Bought 34096 MSFT @ $479.33
[MATCH] Sold 63225 AAPL @ $236.34
[MATCH] Bought 8519 AAPL @ $236.34
[MATCH] Sold 8519 AAPL @ $236.34
[MATCH] Sold 34725 AAPL @ $545.41
[QUOTE] AAPL: $645.05 @ $712.08
[QUOTE] GOOG: $614.21 @ $648.44
[QUOTE] AEGR: $352.25 @ $417.26
[MATCH] Bought 24258 GOOG @ $125.61
[QUOTE] GOOG: $192.92 @ $648.44
[MATCH] Sold 1270 AAPL @ $283
[QUOTE] AEGR: $352.25 @ $417.26
[MATCH] Bought 2963 AAPL @ $212.95
[MATCH] Bought 45838 AAPL @ $73.92
[QUOTE] SPYX: $583.68 @ $630.46
[QUOTE] AEGR: $352.25 @ $417.26
[MATCH] Bought 5544 AAPL @ $170.03
[QUOTE] AAPL: $435.26 @ $780.98
[MATCH] Bought 44439 SPYX @ $312.38
[MATCH] Sold 44439 SPYX @ $312.38
[MATCH] Bought 28095 GOOG @ $367.28
[MATCH] Bought 23119 GOOG @ $648.44
[MATCH] Bought 3838 AAPL @ $135.37
[MATCH] Bought 36398 AAPL @ $135.37
[MATCH] Sold 93781 MSFT @ $399.18
[MATCH] Bought 2756 MSFT @ $399.18
[MATCH] Sold 2756 MSFT @ $399.18
[MATCH] Bought 40961 AEGR @ $417.26
[MATCH] Sold 41654 AEGR @ $445.92
[MATCH] Bought 11038 SPYX @ $154.05
[QUOTE] AAPL: $175.78 @ $780.98
[MATCH] Bought 43464 AAPL @ $97.86
[MATCH] Bought 16683 GOOG @ $648.44
[MATCH] Sold 70960 AEGR @ $358.52
[MATCH] Bought 6736 AEGR @ $358.52
[MATCH] Sold 6736 AEGR @ $358.52
[MATCH] Bought 5570 SPYX @ $394.3
[MATCH] Sold 5570 SPYX @ $394.3
[MATCH] Bought 43943 SPYX @ $394.3
[MATCH] Sold 43943 SPYX @ $394.3
[QUOTE] SPYX: $389.98 @ $394.3
[MATCH] Bought 21948 AEGR @ $358.52
[MATCH] Sold 21948 AEGR @ $358.52
[MATCH] Bought 3966 AEGR @ $445.92
[MATCH] Sold 3966 AEGR @ $445.92
[QUOTE] SPYX: $389.98 @ $394.3
[MATCH] Sold 8732 AEGR @ $445.92
[MATCH] Bought 2024 AEGR @ $445.92
[MATCH] Sold 2024 AEGR @ $445.92
[MATCH] Bought 50602 AEGR @ $460.02
[MATCH] Sold 35619 GOOG @ $167.81
[MATCH] Bought 22828 GOOG @ $167.81
[MATCH] Sold 22828 GOOG @ $167.81
[QUOTE] AAPL: $364.23 @ $767.21
[MATCH] Bought 25309 MSFT @ $569.2
[QUOTE] AAPL: $364.23 @ $767.21
[MATCH] Sold 32834 SPYX @ $394.3
[MATCH] Bought 39062 MSFT @ $953.43
[MATCH] Sold 39062 MSFT @ $953.43
[MATCH] Bought 4531 MSFT @ $442.01
[MATCH] Sold 4531 MSFT @ $442.01
[MATCH] Bought 8772 MSFT @ $878.09
[QUOTE] GOOG: $566.9 @ $648.44
[MATCH] Sold 3068 GOOG @ $691.73
[MATCH] Sold 22175 AEGR @ $243.34
[MATCH] Bought 37477 AEGR @ $243.34
[MATCH] Sold 37477 AEGR @ $243.34
[MATCH] Sold 36296 AEGR @ $571.05
[QUOTE] AAPL: $364.23 @ $767.21
[QUOTE] MSFT: $981.15 @ $991.5
[MATCH] Bought 52293 GOOG @ $104.03
[MATCH] Bought 8503 GOOG @ $104.03
[QUOTE] SPYX: $389.98 @ $630.46
[MATCH] Bought 4406 AEGR @ $571.05
[MATCH] Sold 4406 AEGR @ $571.05
[QUOTE] MSFT: $981.15 @ $991.5
[MATCH] Bought 10042 AAPL @ $99.62
[MATCH] Sold 10042 AAPL @ $99.62
[QUOTE] AAPL: $364.23 @ $660.34
[QUOTE] AAPL: $364.23 @ $660.34
[MATCH] Bought 5435 MSFT @ $404.34
[MATCH] Bought 25450 MSFT @ $404.34
[QUOTE] AEGR: $325.35 @ $571.05
[MATCH] Bought 43033 AEGR @ $496.6
[MATCH] Sold 43033 AEGR @ $496.6
[MATCH] Bought 3651 SPYX @ $25.12
[MATCH] Sold 3651 SPYX @ $25.12
[MATCH] Sold 11652 AEGR @ $496.6
[MATCH] Sold 27583 AEGR @ $571.05
