[ERR] Couldn't quote GOOG
[ERR] Couldn't quote GOOG
[ERR] Couldn't quote SPYX
[MATCH] Bought 2951 GOOG @ $345.69
[MATCH] Bought 9844 GOOG @ $248.63
[MATCH] Bought 27856 GOOG @ $806.89
[MATCH] Sold 6937 SPYX @ $296.91
[MATCH] Bought 6141 MSFT @ $41.97
[MATCH] Sold 6141 MSFT @ $41.97
[MATCH] Sold 16317 AAPL @ $304.12
[MATCH] Bought 17320 AAPL @ $439.42
[MATCH] Bought 38236 AAPL @ $639.81
[MATCH] Bought 17025 AAPL @ $768.78
[MATCH] Bought 21337 MSFT @ $53.49
[ERR] Couldn't quote MSFT
[QUOTE] GOOG: $744.75 @ $806.89
[MATCH] Bought 848 GOOG @ $466.55
[ERR] Couldn't quote SPYX
[MATCH] Bought 71468 GOOG @ $191.33
[MATCH] Sold 71468 GOOG @ $191.33
[MATCH] Sold 6094 GOOG @ $191.33
[MATCH] Sold 12221 GOOG @ $191.33
[QUOTE] GOOG: $537.1 @ $806.89
[QUOTE] AAPL: $406.47 @ $768.78
[MATCH] Bought 68467 AAPL @ $768.78
[MATCH] Sold 11360 AEGR @ $298.56
[QUOTE] AAPL: $406.47 @ $768.78
[QUOTE] AEGR: $319.56 @ $452.41
[MATCH] Bought 13526 SPYX @ $22.98
[MATCH] Bought 5086 GOOG @ $572.9
[MATCH] Bought 6921 SPYX @ $797.64
[MATCH] Sold 6921 SPYX @ $797.64
[ERR] Couldn't quote MSFT
[MATCH] Bought 42158 GOOG @ $572.9
[MATCH] Bought 6930 AEGR @ $452.41
[MATCH] Sold 1549 GOOG @ $515.43
[ERR] Couldn't quote MSFT
[MATCH] Bought 49498 SPYX @ $797.64
[MATCH] Sold 49498 SPYX @ $797.64
[MATCH] Sold 32291 AEGR @ $412
[QUOTE] AAPL: $582.11 @ $768.78
[QUOTE] AAPL: $582.11 @ $768.78
[MATCH] Sold 4305 GOOG @ $515.43
[QUOTE] GOOG: $517.86 @ $572.9
[QUOTE] GOOG: $517.86 @ $572.9
[MATCH] Bought 27650 GOOG @ $572.9
[MATCH] Bought 4292 GOOG @ $777.79
[MATCH] Bought 2509 MSFT @ $263.55
[MATCH] Sold 2509 MSFT @ $263.55
[QUOTE] AAPL: $582.11 @ $768.78
[QUOTE] AEGR: $27.01 @ $117.3
[QUOTE] SPYX: $587.59 @ $637.54
[QUOTE] AEGR: $27.01 @ $117.3
[QUOTE] GOOG: $796.12 @ $806.89
[QUOTE] AEGR: $27.01 @ $117.3
[MATCH] Bought 42694 GOOG @ $171.11
[MATCH] Sold 42694 GOOG @ $171.11
[MATCH] Sold 16732 GOOG @ $171.11
[QUOTE] SPYX: $587.59 @ $637.54
[MATCH] Bought 20729 MSFT @ $263.55
[MATCH] Sold 20729 MSFT @ $263.55
[MATCH] Bought 39045 MSFT @ $337.4
[MATCH] Sold 39045 MSFT @ $337.4
[MATCH] Bought 18242 MSFT @ $337.94
[MATCH] Bought 50196 AEGR @ $117.3
[MATCH] Sold 1031 GOOG @ $274.82
[MATCH] Sold 43708 GOOG @ $274.82
